0 info it worked if it ends with ok
1 verbose cli [ '/usr/local/bin/node', '/usr/local/bin/npm', 'start' ]
2 info using npm@3.10.10
3 info using node@v6.9.5
4 verbose run-script [ 'prestart', 'start', 'poststart' ]
5 info lifecycle demo@2.9.4~prestart: demo@2.9.4
6 silly lifecycle demo@2.9.4~prestart: no script for prestart, continuing
7 info lifecycle demo@2.9.4~start: demo@2.9.4
8 verbose lifecycle demo@2.9.4~start: unsafe-perm in lifecycle true
9 verbose lifecycle demo@2.9.4~start: PATH: /usr/local/lib/node_modules/npm/bin/node-gyp-bin:/Users/qq/Desktop/DEMO/node_modules/.bin:/usr/bin:/bin:/usr/sbin:/sbin:/usr/local/bin
10 verbose lifecycle demo@2.9.4~start: CWD: /Users/qq/Desktop/DEMO
11 silly lifecycle demo@2.9.4~start: Args: [ '-c', 'webpack-dev-server --port 3000 --hot --host 0.0.0.0' ]
12 silly lifecycle demo@2.9.4~start: Returned: code: 1  signal: null
13 info lifecycle demo@2.9.4~start: Failed to exec start script
14 verbose stack Error: demo@2.9.4 start: `webpack-dev-server --port 3000 --hot --host 0.0.0.0`
14 verbose stack Exit status 1
14 verbose stack     at EventEmitter.<anonymous> (/usr/local/lib/node_modules/npm/lib/utils/lifecycle.js:255:16)
14 verbose stack     at emitTwo (events.js:106:13)
14 verbose stack     at EventEmitter.emit (events.js:191:7)
14 verbose stack     at ChildProcess.<anonymous> (/usr/local/lib/node_modules/npm/lib/utils/spawn.js:40:14)
14 verbose stack     at emitTwo (events.js:106:13)
14 verbose stack     at ChildProcess.emit (events.js:191:7)
14 verbose stack     at maybeClose (internal/child_process.js:877:16)
14 verbose stack     at Process.ChildProcess._handle.onexit (internal/child_process.js:226:5)
15 verbose pkgid demo@2.9.4
16 verbose cwd /Users/qq/Desktop/DEMO
17 error Darwin 15.6.0
18 error argv "/usr/local/bin/node" "/usr/local/bin/npm" "start"
19 error node v6.9.5
20 error npm  v3.10.10
21 error code ELIFECYCLE
22 error demo@2.9.4 start: `webpack-dev-server --port 3000 --hot --host 0.0.0.0`
22 error Exit status 1
23 error Failed at the demo@2.9.4 start script 'webpack-dev-server --port 3000 --hot --host 0.0.0.0'.
23 error Make sure you have the latest version of node.js and npm installed.
23 error If you do, this is most likely a problem with the demo package,
23 error not with npm itself.
23 error Tell the author that this fails on your system:
23 error     webpack-dev-server --port 3000 --hot --host 0.0.0.0
23 error You can get information on how to open an issue for this project with:
23 error     npm bugs demo
23 error Or if that isn't available, you can get their info via:
23 error     npm owner ls demo
23 error There is likely additional logging output above.
24 verbose exit [ 1, true ]
